# JRE version: OpenJDK Runtime Environment (8.0_152-b01) (build 1.8.0_152-release-915-b01)
# Java VM: OpenJDK 64-Bit Server VM (25.152-b01 mixed mode linux-amd64 compressed oops)
Heap:
 PSYoungGen      total 216576K, used 8965K [0x00000000e0000000, 0x00000000ee700000, 0x0000000100000000)
  eden space 197632K, 0% used [0x00000000e0000000,0x00000000e0000000,0x00000000ec100000)
  from space 18944K, 47% used [0x00000000ec100000,0x00000000ec9c1478,0x00000000ed380000)
  to   space 13824K, 0% used [0x00000000ed380000,0x00000000ed380000,0x00000000ee100000)
 ParOldGen       total 71680K, used 52365K [0x00000000a0000000, 0x00000000a4600000, 0x00000000e0000000)
  object space 71680K, 73% used [0x00000000a0000000,0x00000000a3323600,0x00000000a4600000)
 Metaspace       used 69832K, capacity 72472K, committed 72664K, reserved 1112064K
  class space    used 9019K, capacity 9611K, committed 9728K, reserved 1048576K
GC Heap History (10 events):
Event: 28,780 GC heap after
Heap after GC invocations=15 (full 2):
 PSYoungGen      total 131584K, used 10748K [0x00000000e0000000, 0x00000000eb680000, 0x0000000100000000)
  eden space 120832K, 0% used [0x00000000e0000000,0x00000000e0000000,0x00000000e7600000)
  from space 10752K, 99% used [0x00000000e7600000,0x00000000e807f2a0,0x00000000e8080000)
  to   space 14336K, 0% used [0x00000000ea880000,0x00000000ea880000,0x00000000eb680000)
 ParOldGen       total 45056K, used 23547K [0x00000000a0000000, 0x00000000a2c00000, 0x00000000e0000000)
  object space 45056K, 52% used [0x00000000a0000000,0x00000000a16fec58,0x00000000a2c00000)
 Metaspace       used 50282K, capacity 51838K, committed 52056K, reserved 1093632K
  class space    used 6829K, capacity 7250K, committed 7296K, reserved 1048576K
}
Event: 65,965 GC heap before
{Heap before GC invocations=16 (full 2):
 PSYoungGen      total 131584K, used 131580K [0x00000000e0000000, 0x00000000eb680000, 0x0000000100000000)
  eden space 120832K, 100% used [0x00000000e0000000,0x00000000e7600000,0x00000000e7600000)
  from space 10752K, 99% used [0x00000000e7600000,0x00000000e807f2a0,0x00000000e8080000)
  to   space 14336K, 0% used [0x00000000ea880000,0x00000000ea880000,0x00000000eb680000)
 ParOldGen       total 45056K, used 23547K [0x00000000a0000000, 0x00000000a2c00000, 0x00000000e0000000)
  object space 45056K, 52% used [0x00000000a0000000,0x00000000a16fec58,0x00000000a2c00000)
 Metaspace       used 55340K, capacity 57108K, committed 57304K, reserved 1099776K
  class space    used 7490K, capacity 7923K, committed 7936K, reserved 1048576K
Event: 66,005 GC heap after
Heap after GC invocations=16 (full 2):
 PSYoungGen      total 169472K, used 8047K [0x00000000e0000000, 0x00000000eb500000, 0x0000000100000000)
  eden space 156672K, 0% used [0x00000000e0000000,0x00000000e0000000,0x00000000e9900000)
  from space 12800K, 62% used [0x00000000ea880000,0x00000000eb05bc78,0x00000000eb500000)
  to   space 14336K, 0% used [0x00000000e9900000,0x00000000e9900000,0x00000000ea700000)
 ParOldGen       total 45056K, used 30052K [0x00000000a0000000, 0x00000000a2c00000, 0x00000000e0000000)
  object space 45056K, 66% used [0x00000000a0000000,0x00000000a1d59028,0x00000000a2c00000)
 Metaspace       used 55340K, capacity 57108K, committed 57304K, reserved 1099776K
  class space    used 7490K, capacity 7923K, committed 7936K, reserved 1048576K
}
Event: 68,320 GC heap before
{Heap before GC invocations=17 (full 2):
 PSYoungGen      total 169472K, used 32857K [0x00000000e0000000, 0x00000000eb500000, 0x0000000100000000)
  eden space 156672K, 15% used [0x00000000e0000000,0x00000000e183aab8,0x00000000e9900000)
  from space 12800K, 62% used [0x00000000ea880000,0x00000000eb05bc78,0x00000000eb500000)
  to   space 14336K, 0% used [0x00000000e9900000,0x00000000e9900000,0x00000000ea700000)
 ParOldGen       total 45056K, used 30052K [0x00000000a0000000, 0x00000000a2c00000, 0x00000000e0000000)
  object space 45056K, 66% used [0x00000000a0000000,0x00000000a1d59028,0x00000000a2c00000)
 Metaspace       used 57229K, capacity 58996K, committed 59028K, reserved 1099776K
  class space    used 7761K, capacity 8189K, committed 8192K, reserved 1048576K
Event: 68,342 GC heap after
Heap after GC invocations=17 (full 2):
 PSYoungGen      total 171008K, used 3377K [0x00000000e0000000, 0x00000000ee100000, 0x0000000100000000)
  eden space 156672K, 0% used [0x00000000e0000000,0x00000000e0000000,0x00000000e9900000)
  from space 14336K, 23% used [0x00000000e9900000,0x00000000e9c4c5b0,0x00000000ea700000)
  to   space 13824K, 0% used [0x00000000ed380000,0x00000000ed380000,0x00000000ee100000)
 ParOldGen       total 45056K, used 34291K [0x00000000a0000000, 0x00000000a2c00000, 0x00000000e0000000)
  object space 45056K, 76% used [0x00000000a0000000,0x00000000a217cf38,0x00000000a2c00000)
 Metaspace       used 57229K, capacity 58996K, committed 59028K, reserved 1099776K
  class space    used 7761K, capacity 8189K, committed 8192K, reserved 1048576K
}
Event: 68,342 GC heap before
{Heap before GC invocations=18 (full 3):
 PSYoungGen      total 171008K, used 3377K [0x00000000e0000000, 0x00000000ee100000, 0x0000000100000000)
  eden space 156672K, 0% used [0x00000000e0000000,0x00000000e0000000,0x00000000e9900000)
  from space 14336K, 23% used [0x00000000e9900000,0x00000000e9c4c5b0,0x00000000ea700000)
  to   space 13824K, 0% used [0x00000000ed380000,0x00000000ed380000,0x00000000ee100000)
 ParOldGen       total 45056K, used 34291K [0x00000000a0000000, 0x00000000a2c00000, 0x00000000e0000000)
  object space 45056K, 76% used [0x00000000a0000000,0x00000000a217cf38,0x00000000a2c00000)
 Metaspace       used 57229K, capacity 58996K, committed 59028K, reserved 1099776K
  class space    used 7761K, capacity 8189K, committed 8192K, reserved 1048576K
Event: 68,717 GC heap after
Heap after GC invocations=18 (full 3):
 PSYoungGen      total 171008K, used 0K [0x00000000e0000000, 0x00000000ee100000, 0x0000000100000000)
  eden space 156672K, 0% used [0x00000000e0000000,0x00000000e0000000,0x00000000e9900000)
  from space 14336K, 0% used [0x00000000e9900000,0x00000000e9900000,0x00000000ea700000)
  to   space 13824K, 0% used [0x00000000ed380000,0x00000000ed380000,0x00000000ee100000)
 ParOldGen       total 71680K, used 31685K [0x00000000a0000000, 0x00000000a4600000, 0x00000000e0000000)
  object space 71680K, 44% used [0x00000000a0000000,0x00000000a1ef1650,0x00000000a4600000)
 Metaspace       used 57226K, capacity 58984K, committed 59028K, reserved 1099776K
  class space    used 7760K, capacity 8187K, committed 8192K, reserved 1048576K
}
Event: 198,780 GC heap before
{Heap before GC invocations=19 (full 3):
 PSYoungGen      total 171008K, used 156672K [0x00000000e0000000, 0x00000000ee100000, 0x0000000100000000)
  eden space 156672K, 100% used [0x00000000e0000000,0x00000000e9900000,0x00000000e9900000)
  from space 14336K, 0% used [0x00000000e9900000,0x00000000e9900000,0x00000000ea700000)
  to   space 13824K, 0% used [0x00000000ed380000,0x00000000ed380000,0x00000000ee100000)
 ParOldGen       total 71680K, used 31685K [0x00000000a0000000, 0x00000000a4600000, 0x00000000e0000000)
  object space 71680K, 44% used [0x00000000a0000000,0x00000000a1ef1650,0x00000000a4600000)
 Metaspace       used 64057K, capacity 66406K, committed 66648K, reserved 1107968K
  class space    used 8404K, capacity 8984K, committed 9088K, reserved 1048576K
Event: 198,935 GC heap after
Heap after GC invocations=19 (full 3):
 PSYoungGen      total 211456K, used 13814K [0x00000000e0000000, 0x00000000ee700000, 0x0000000100000000)
  eden space 197632K, 0% used [0x00000000e0000000,0x00000000e0000000,0x00000000ec100000)
  from space 13824K, 99% used [0x00000000ed380000,0x00000000ee0fdb88,0x00000000ee100000)
  to   space 18944K, 0% used [0x00000000ec100000,0x00000000ec100000,0x00000000ed380000)
 ParOldGen       total 71680K, used 39011K [0x00000000a0000000, 0x00000000a4600000, 0x00000000e0000000)
  object space 71680K, 54% used [0x00000000a0000000,0x00000000a2618c70,0x00000000a4600000)
 Metaspace       used 64057K, capacity 66406K, committed 66648K, reserved 1107968K
  class space    used 8404K, capacity 8984K, committed 9088K, reserved 1048576K
}
Event: 232,904 GC heap before
{Heap before GC invocations=20 (full 3):
 PSYoungGen      total 211456K, used 209044K [0x00000000e0000000, 0x00000000ee700000, 0x0000000100000000)
  eden space 197632K, 98% used [0x00000000e0000000,0x00000000ebea7788,0x00000000ec100000)
  from space 13824K, 99% used [0x00000000ed380000,0x00000000ee0fdb88,0x00000000ee100000)
  to   space 18944K, 0% used [0x00000000ec100000,0x00000000ec100000,0x00000000ed380000)
 ParOldGen       total 71680K, used 39011K [0x00000000a0000000, 0x00000000a4600000, 0x00000000e0000000)
  object space 71680K, 54% used [0x00000000a0000000,0x00000000a2618c70,0x00000000a4600000)
 Metaspace       used 69832K, capacity 72472K, committed 72664K, reserved 1112064K
  class space    used 9019K, capacity 9611K, committed 9728K, reserved 1048576K

