# JRE version: OpenJDK Runtime Environment (8.0_152-b01) (build 1.8.0_152-release-915-b01)
# Java VM: OpenJDK 64-Bit Server VM (25.152-b01 mixed mode linux-amd64 compressed oops)
Heap:
 PSYoungGen      total 237056K, used 0K [0x00000000e0000000, 0x00000000f1600000, 0x0000000100000000)
  eden space 223744K, 0% used [0x00000000e0000000,0x00000000e0000000,0x00000000eda80000)
  from space 13312K, 0% used [0x00000000ef200000,0x00000000ef200000,0x00000000eff00000)
  to   space 24064K, 0% used [0x00000000eda80000,0x00000000eda80000,0x00000000ef200000)
 ParOldGen       total 70144K, used 66735K [0x00000000a0000000, 0x00000000a4480000, 0x00000000e0000000)
  object space 70144K, 95% used [0x00000000a0000000,0x00000000a412bdf0,0x00000000a4480000)
 Metaspace       used 65466K, capacity 68178K, committed 68440K, reserved 1107968K
  class space    used 8468K, capacity 9076K, committed 9088K, reserved 1048576K
GC Heap History (10 events):
Event: 43,775 GC heap after
Heap after GC invocations=27 (full 2):
 PSYoungGen      total 172544K, used 3213K [0x00000000e0000000, 0x00000000eda00000, 0x0000000100000000)
  eden space 160256K, 0% used [0x00000000e0000000,0x00000000e0000000,0x00000000e9c80000)
  from space 12288K, 26% used [0x00000000e9c80000,0x00000000e9fa3488,0x00000000ea880000)
  to   space 11264K, 0% used [0x00000000ecf00000,0x00000000ecf00000,0x00000000eda00000)
 ParOldGen       total 44544K, used 37313K [0x00000000a0000000, 0x00000000a2b80000, 0x00000000e0000000)
  object space 44544K, 83% used [0x00000000a0000000,0x00000000a24706a8,0x00000000a2b80000)
 Metaspace       used 56938K, capacity 58908K, committed 59028K, reserved 1099776K
  class space    used 7636K, capacity 8107K, committed 8192K, reserved 1048576K
}
Event: 43,775 GC heap before
{Heap before GC invocations=28 (full 3):
 PSYoungGen      total 172544K, used 3213K [0x00000000e0000000, 0x00000000eda00000, 0x0000000100000000)
  eden space 160256K, 0% used [0x00000000e0000000,0x00000000e0000000,0x00000000e9c80000)
  from space 12288K, 26% used [0x00000000e9c80000,0x00000000e9fa3488,0x00000000ea880000)
  to   space 11264K, 0% used [0x00000000ecf00000,0x00000000ecf00000,0x00000000eda00000)
 ParOldGen       total 44544K, used 37313K [0x00000000a0000000, 0x00000000a2b80000, 0x00000000e0000000)
  object space 44544K, 83% used [0x00000000a0000000,0x00000000a24706a8,0x00000000a2b80000)
 Metaspace       used 56938K, capacity 58908K, committed 59028K, reserved 1099776K
  class space    used 7636K, capacity 8107K, committed 8192K, reserved 1048576K
Event: 44,158 GC heap after
Heap after GC invocations=28 (full 3):
 PSYoungGen      total 172544K, used 0K [0x00000000e0000000, 0x00000000eda00000, 0x0000000100000000)
  eden space 160256K, 0% used [0x00000000e0000000,0x00000000e0000000,0x00000000e9c80000)
  from space 12288K, 0% used [0x00000000e9c80000,0x00000000e9c80000,0x00000000ea880000)
  to   space 11264K, 0% used [0x00000000ecf00000,0x00000000ecf00000,0x00000000eda00000)
 ParOldGen       total 70144K, used 31311K [0x00000000a0000000, 0x00000000a4480000, 0x00000000e0000000)
  object space 70144K, 44% used [0x00000000a0000000,0x00000000a1e93da8,0x00000000a4480000)
 Metaspace       used 56938K, capacity 58908K, committed 59028K, reserved 1099776K
  class space    used 7636K, capacity 8107K, committed 8192K, reserved 1048576K
}
Event: 93,045 GC heap before
{Heap before GC invocations=29 (full 3):
 PSYoungGen      total 172544K, used 160158K [0x00000000e0000000, 0x00000000eda00000, 0x0000000100000000)
  eden space 160256K, 99% used [0x00000000e0000000,0x00000000e9c67a28,0x00000000e9c80000)
  from space 12288K, 0% used [0x00000000e9c80000,0x00000000e9c80000,0x00000000ea880000)
  to   space 11264K, 0% used [0x00000000ecf00000,0x00000000ecf00000,0x00000000eda00000)
 ParOldGen       total 70144K, used 31311K [0x00000000a0000000, 0x00000000a4480000, 0x00000000e0000000)
  object space 70144K, 44% used [0x00000000a0000000,0x00000000a1e93da8,0x00000000a4480000)
 Metaspace       used 60644K, capacity 63148K, committed 63448K, reserved 1103872K
  class space    used 8018K, capacity 8579K, committed 8704K, reserved 1048576K
Event: 93,131 GC heap after
Heap after GC invocations=29 (full 3):
 PSYoungGen      total 203264K, used 7779K [0x00000000e0000000, 0x00000000ed700000, 0x0000000100000000)
  eden space 195072K, 0% used [0x00000000e0000000,0x00000000e0000000,0x00000000ebe80000)
  from space 8192K, 94% used [0x00000000ecf00000,0x00000000ed698e70,0x00000000ed700000)
  to   space 12288K, 0% used [0x00000000ebf00000,0x00000000ebf00000,0x00000000ecb00000)
 ParOldGen       total 70144K, used 31319K [0x00000000a0000000, 0x00000000a4480000, 0x00000000e0000000)
  object space 70144K, 44% used [0x00000000a0000000,0x00000000a1e95da8,0x00000000a4480000)
 Metaspace       used 60644K, capacity 63148K, committed 63448K, reserved 1103872K
  class space    used 8018K, capacity 8579K, committed 8704K, reserved 1048576K
}
Event: 102,598 GC heap before
{Heap before GC invocations=30 (full 3):
 PSYoungGen      total 203264K, used 202851K [0x00000000e0000000, 0x00000000ed700000, 0x0000000100000000)
  eden space 195072K, 100% used [0x00000000e0000000,0x00000000ebe80000,0x00000000ebe80000)
  from space 8192K, 94% used [0x00000000ecf00000,0x00000000ed698e70,0x00000000ed700000)
  to   space 12288K, 0% used [0x00000000ebf00000,0x00000000ebf00000,0x00000000ecb00000)
 ParOldGen       total 70144K, used 31319K [0x00000000a0000000, 0x00000000a4480000, 0x00000000e0000000)
  object space 70144K, 44% used [0x00000000a0000000,0x00000000a1e95da8,0x00000000a4480000)
 Metaspace       used 64694K, capacity 67308K, committed 67672K, reserved 1107968K
  class space    used 8389K, capacity 8979K, committed 9088K, reserved 1048576K
Event: 102,625 GC heap after
Heap after GC invocations=30 (full 3):
 PSYoungGen      total 207872K, used 8962K [0x00000000e0000000, 0x00000000eff00000, 0x0000000100000000)
  eden space 195584K, 0% used [0x00000000e0000000,0x00000000e0000000,0x00000000ebf00000)
  from space 12288K, 72% used [0x00000000ebf00000,0x00000000ec7c0b50,0x00000000ecb00000)
  to   space 13312K, 0% used [0x00000000ef200000,0x00000000ef200000,0x00000000eff00000)
 ParOldGen       total 70144K, used 35746K [0x00000000a0000000, 0x00000000a4480000, 0x00000000e0000000)
  object space 70144K, 50% used [0x00000000a0000000,0x00000000a22e89b8,0x00000000a4480000)
 Metaspace       used 64694K, capacity 67308K, committed 67672K, reserved 1107968K
  class space    used 8389K, capacity 8979K, committed 9088K, reserved 1048576K
}
Event: 104,384 GC heap before
{Heap before GC invocations=31 (full 3):
 PSYoungGen      total 207872K, used 204546K [0x00000000e0000000, 0x00000000eff00000, 0x0000000100000000)
  eden space 195584K, 100% used [0x00000000e0000000,0x00000000ebf00000,0x00000000ebf00000)
  from space 12288K, 72% used [0x00000000ebf00000,0x00000000ec7c0b50,0x00000000ecb00000)
  to   space 13312K, 0% used [0x00000000ef200000,0x00000000ef200000,0x00000000eff00000)
 ParOldGen       total 70144K, used 35746K [0x00000000a0000000, 0x00000000a4480000, 0x00000000e0000000)
  object space 70144K, 50% used [0x00000000a0000000,0x00000000a22e89b8,0x00000000a4480000)
 Metaspace       used 65469K, capacity 68186K, committed 68440K, reserved 1107968K
  class space    used 8469K, capacity 9078K, committed 9088K, reserved 1048576K
Event: 104,463 GC heap after
Heap after GC invocations=31 (full 3):
 PSYoungGen      total 237056K, used 13282K [0x00000000e0000000, 0x00000000f1600000, 0x0000000100000000)
  eden space 223744K, 0% used [0x00000000e0000000,0x00000000e0000000,0x00000000eda80000)
  from space 13312K, 99% used [0x00000000ef200000,0x00000000efef8bb8,0x00000000eff00000)
  to   space 24064K, 0% used [0x00000000eda80000,0x00000000eda80000,0x00000000ef200000)
 ParOldGen       total 70144K, used 58524K [0x00000000a0000000, 0x00000000a4480000, 0x00000000e0000000)
  object space 70144K, 83% used [0x00000000a0000000,0x00000000a3927260,0x00000000a4480000)
 Metaspace       used 65469K, capacity 68186K, committed 68440K, reserved 1107968K
  class space    used 8469K, capacity 9078K, committed 9088K, reserved 1048576K
}
Event: 104,641 GC heap before
{Heap before GC invocations=32 (full 4):
 PSYoungGen      total 237056K, used 13282K [0x00000000e0000000, 0x00000000f1600000, 0x0000000100000000)
  eden space 223744K, 0% used [0x00000000e0000000,0x00000000e0000000,0x00000000eda80000)
  from space 13312K, 99% used [0x00000000ef200000,0x00000000efef8bb8,0x00000000eff00000)
  to   space 24064K, 0% used [0x00000000eda80000,0x00000000eda80000,0x00000000ef200000)
 ParOldGen       total 70144K, used 58524K [0x00000000a0000000, 0x00000000a4480000, 0x00000000e0000000)
  object space 70144K, 83% used [0x00000000a0000000,0x00000000a3927260,0x00000000a4480000)
 Metaspace       used 65469K, capacity 68186K, committed 68440K, reserved 1107968K
  class space    used 8469K, capacity 9078K, committed 9088K, reserved 1048576K

